<?xml version="1.0" encoding="UTF-8"?>
<!-- Generated by org.testng.reporters.JUnitReportReporter -->
<testsuite hostname="DESKTOP-TVD4B1F" failures="0" tests="1" name="Orange.HRM.AddImmigration" time="22.041" errors="0" timestamp="2024-03-01T01:22:38 IST" skipped="0">
  <testcase classname="Orange.HRM.AddImmigration" name="LOGIN" time="22.041"/>
  <system-out/>
</testsuite> <!-- Orange.HRM.AddImmigration -->
