<?xml version="1.0" encoding="UTF-8"?>
<!-- Generated by org.testng.reporters.JUnitReportReporter -->
<testsuite hostname="DESKTOP-TVD4B1F" failures="0" tests="1" name="Orange.HRM.login1" time="17.674" errors="0" timestamp="2024-03-01T01:22:38 IST" skipped="0">
  <testcase classname="Orange.HRM.login1" name="LOGIN" time="17.674"/>
  <system-out/>
</testsuite> <!-- Orange.HRM.login1 -->
