<?xml version="1.0" encoding="UTF-8"?>
<!-- Generated by org.testng.reporters.JUnitReportReporter -->
<testsuite hostname="DESKTOP-TVD4B1F" failures="0" tests="1" name="Orange.HRM.AddAttachment" time="76.936" errors="0" timestamp="2024-03-01T01:22:38 IST" skipped="0">
  <testcase classname="Orange.HRM.AddAttachment" name="LOGIN" time="76.936"/>
  <system-out/>
</testsuite> <!-- Orange.HRM.AddAttachment -->
